# JRE version: OpenJDK Runtime Environment Temurin-11.0.14.1+1 (11.0.14.1+1) (build 11.0.14.1+1)
# Java VM: OpenJDK 64-Bit Server VM Temurin-11.0.14.1+1 (11.0.14.1+1, mixed mode, tiered, compressed oops, g1 gc, bsd-amd64)
Heap:
 garbage-first heap   total 131072K, used 33673K [0x0000000780000000, 0x0000000800000000)
  region size 1024K, 22 young (22528K), 1 survivors (1024K)
 Metaspace       used 29201K, capacity 30316K, committed 30592K, reserved 1075200K
  class space    used 3641K, capacity 4148K, committed 4224K, reserved 1048576K
GC Heap History (6 events):
Event: 1.080 GC heap before
{Heap before GC invocations=0 (full 0):
 garbage-first heap   total 131072K, used 14336K [0x0000000780000000, 0x0000000800000000)
  region size 1024K, 14 young (14336K), 0 survivors (0K)
 Metaspace       used 10183K, capacity 10513K, committed 10752K, reserved 1058816K
  class space    used 1024K, capacity 1170K, committed 1280K, reserved 1048576K
}
Event: 1.086 GC heap after
{Heap after GC invocations=1 (full 0):
 garbage-first heap   total 131072K, used 2620K [0x0000000780000000, 0x0000000800000000)
  region size 1024K, 2 young (2048K), 2 survivors (2048K)
 Metaspace       used 10183K, capacity 10513K, committed 10752K, reserved 1058816K
  class space    used 1024K, capacity 1170K, committed 1280K, reserved 1048576K
}
Event: 2.289 GC heap before
{Heap before GC invocations=1 (full 0):
 garbage-first heap   total 131072K, used 29244K [0x0000000780000000, 0x0000000800000000)
  region size 1024K, 29 young (29696K), 2 survivors (2048K)
 Metaspace       used 20497K, capacity 21145K, committed 21248K, reserved 1067008K
  class space    used 2501K, capacity 2763K, committed 2816K, reserved 1048576K
}
Event: 2.309 GC heap after
{Heap after GC invocations=2 (full 0):
 garbage-first heap   total 131072K, used 7413K [0x0000000780000000, 0x0000000800000000)
  region size 1024K, 5 young (5120K), 5 survivors (5120K)
 Metaspace       used 20497K, capacity 21145K, committed 21248K, reserved 1067008K
  class space    used 2501K, capacity 2763K, committed 2816K, reserved 1048576K
}
Event: 2.503 GC heap before
{Heap before GC invocations=3 (full 0):
 garbage-first heap   total 131072K, used 14581K [0x0000000780000000, 0x0000000800000000)
  region size 1024K, 12 young (12288K), 5 survivors (5120K)
 Metaspace       used 22484K, capacity 23386K, committed 23680K, reserved 1069056K
  class space    used 2956K, capacity 3341K, committed 3456K, reserved 1048576K
}
Event: 2.514 GC heap after
{Heap after GC invocations=4 (full 0):
 garbage-first heap   total 131072K, used 8073K [0x0000000780000000, 0x0000000800000000)
  region size 1024K, 1 young (1024K), 1 survivors (1024K)
 Metaspace       used 22484K, capacity 23386K, committed 23680K, reserved 1069056K
  class space    used 2956K, capacity 3341K, committed 3456K, reserved 1048576K
}

